app/proguard/seeds.txt
com.chen.smartcitydemo.ui.activity.LaunchActivity
com.chen.smartcitydemo.ui.activity.SearchActivity
com.chen.smartcitydemo.ui.custom.ChenNestedScrollView: ChenNestedScrollView(android.content.Context)
com.chen.smartcitydemo.ui.custom.ChenNestedScrollView: ChenNestedScrollView(android.content.Context,android.util.AttributeSet)
com.chen.smartcitydemo.base.BaseActivity$State: com.chen.smartcitydemo.base.BaseActivity$State LOADING
com.chen.smartcitydemo.ui.activity.MainActivity
com.chen.smartcitydemo.ui.activity.SearchActivity: SearchActivity()
com.chen.smartcitydemo.base.BaseActivity: BaseActivity()
com.chen.smartcitydemo.base.BaseFragment$State: com.chen.smartcitydemo.base.BaseFragment$State valueOf(java.lang.String)
com.chen.smartcitydemo.ui.activity.MainActivity: MainActivity()
com.chen.smartcitydemo.base.BaseActivity$State: com.chen.smartcitydemo.base.BaseActivity$State NONE
com.chen.smartcitydemo.ui.activity.RegisterActivity: RegisterActivity()
com.chen.smartcitydemo.ui.activity.FeedBackActivity: FeedBackActivity()
com.chen.smartcitydemo.util.RetrofitManager: RetrofitManager()
com.chen.smartcitydemo.App
com.chen.smartcitydemo.ui.activity.OrderListActivity
com.chen.smartcitydemo.ui.activity.UserInfoActivity
com.chen.smartcitydemo.base.BaseActivity$State: com.chen.smartcitydemo.base.BaseActivity$State EMPTY
com.chen.smartcitydemo.ui.activity.NewsActivity: NewsActivity()
com.chen.smartcitydemo.util.RetrofitManager
com.chen.smartcitydemo.base.BaseFragment$State: com.chen.smartcitydemo.base.BaseFragment$State SUCCESS
com.chen.smartcitydemo.ui.activity.FeedBackActivity
com.chen.smartcitydemo.base.BaseFragment$State: com.chen.smartcitydemo.base.BaseFragment$State EMPTY
com.chen.smartcitydemo.base.BaseActivity$State: com.chen.smartcitydemo.base.BaseActivity$State[] values()
com.chen.smartcitydemo.base.BaseFragment$State: com.chen.smartcitydemo.base.BaseFragment$State NONE
com.chen.smartcitydemo.ui.custom.ChenNestedScrollView
com.chen.smartcitydemo.ui.custom.ChenNestedScrollView: ChenNestedScrollView(android.content.Context,android.util.AttributeSet,int)
com.chen.smartcitydemo.ui.activity.UpdatePasswordActivity: UpdatePasswordActivity()
com.chen.smartcitydemo.ui.activity.LoginActivity
com.chen.smartcitydemo.ui.activity.LaunchActivity: LaunchActivity()
com.chen.smartcitydemo.base.BaseFragment$State: com.chen.smartcitydemo.base.BaseFragment$State ERROR
com.chen.smartcitydemo.base.BaseFragment$State: com.chen.smartcitydemo.base.BaseFragment$State[] values()
com.chen.smartcitydemo.ui.activity.LoginActivity: LoginActivity()
com.chen.smartcitydemo.base.BaseActivity$State: com.chen.smartcitydemo.base.BaseActivity$State valueOf(java.lang.String)
com.chen.smartcitydemo.base.BaseActivity$State: com.chen.smartcitydemo.base.BaseActivity$State SUCCESS
com.chen.smartcitydemo.ui.activity.RegisterActivity
com.chen.smartcitydemo.ui.activity.OrderListActivity: OrderListActivity()
com.chen.smartcitydemo.base.BaseActivity
com.chen.smartcitydemo.ui.activity.NewsActivity
com.chen.smartcitydemo.base.BaseActivity$State: com.chen.smartcitydemo.base.BaseActivity$State ERROR
com.chen.smartcitydemo.ui.activity.UpdatePasswordActivity
com.chen.smartcitydemo.model.Api
com.chen.smartcitydemo.base.BaseFragment$State: com.chen.smartcitydemo.base.BaseFragment$State LOADING
com.chen.smartcitydemo.App: App()
com.chen.smartcitydemo.ui.activity.UserInfoActivity: UserInfoActivity()
...
androidx.viewpager2.adapter.FragmentStateAdapter: void ensureFragment(int)
com.google.android.material.R$styleable: int[] AppCompatSeekBar
com.google.android.material.R$styleable: int TextInputLayout_helperText
com.google.android.material.R$style: int Widget_AppCompat_Light_ActionBar_TabText
com.bumptech.glide.request.RequestCoordinator$RequestState: com.bumptech.glide.request.RequestCoordinator$RequestState valueOf(java.lang.String)
androidx.appcompat.widget.SearchView: void setQuery(java.lang.CharSequence)
com.google.android.material.textfield.TextInputLayout: android.content.res.ColorStateList getDefaultHintTextColor()
com.google.android.material.R$style: int Base_TextAppearance_AppCompat_Widget_DropDownItem
com.google.android.material.R$styleable: int[] BottomAppBar
androidx.recyclerview.R$attr: int alpha
androidx.viewpager2.widget.ViewPager2: ViewPager2(android.content.Context,android.util.AttributeSet,int)
com.youth.banner.itemdecoration.MarginDecoration: int mMarginPx
androidx.appcompat.widget.ActionBarContainer: android.view.View getTabContainer()
androidx.recyclerview.widget.RecyclerView: void scrollBy(int,int)
androidx.appcompat.R$style: int Theme_AppCompat_CompactMenu
androidx.appcompat.widget.SearchView
androidx.recyclerview.widget.RecyclerView: boolean mFirstLayoutComplete
androidx.recyclerview.widget.RecyclerView: void removeOnItemTouchListener(androidx.recyclerview.widget.RecyclerView$OnItemTouchListener)
com.google.android.material.R$style: int Widget_MaterialComponents_TextInputLayout_OutlinedBox_Dense
androidx.appcompat.R$string: int abc_menu_sym_shortcut_label
com.google.android.material.R$styleable: int ChipGroup_chipSpacingHorizontal
androidx.viewpager2.R$styleable: int FontFamilyFont_fontStyle
com.youth.banner.R$styleable: int FontFamily_fontProviderQuery
com.google.android.material.R$attr: int tabSelectedTextColor
androidx.recyclerview.widget.RecyclerView$LayoutManager: android.os.Parcelable onSaveInstanceState()
androidx.appcompat.R$id: int search_voice_btn
androidx.recyclerview.widget.LinearLayoutManager: LinearLayoutManager(android.content.Context)
com.google.gson.JsonSerializer
androidx.appcompat.R$attr: int ttcIndex
com.google.android.material.bottomappbar.BottomAppBar: void setFabAlignmentMode(int)
androidx.viewpager2.widget.ViewPager2$PageAwareAccessibilityProvider: void addScrollActions(android.view.accessibility.AccessibilityNodeInfo)
com.google.android.material.appbar.CollapsingToolbarLayout: void setExpandedTitleMarginEnd(int)
androidx.viewpager2.widget.ViewPager2$RecyclerViewImpl
androidx.viewpager2.widget.ViewPager2: ViewPager2(android.content.Context,android.util.AttributeSet)
com.google.android.material.R$styleable: int[] DesignTheme
androidx.appcompat.view.menu.ActionMenuItemView: ActionMenuItemView(android.content.Context,android.util.AttributeSet)
androidx.recyclerview.widget.RecyclerView$LayoutManager: void addView(android.view.View)
androidx.viewpager2.R$drawable: int notification_bg
com.youth.banner.Banner: com.youth.banner.Banner addItemDecoration(androidx.recyclerview.widget.RecyclerView$ItemDecoration)
androidx.appcompat.R$attr: int popupWindowStyle
com.google.android.material.R$styleable: int BottomNavigationView_menu
com.google.gson.Gson: java.lang.Object fromJson(java.io.Reader,java.lang.Class)
com.google.android.material.R$drawable: int abc_tab_indicator_mtrl_alpha
androidx.appcompat.view.menu.ListMenuItemView: androidx.appcompat.view.menu.MenuItemImpl getItemData()
com.google.android.material.chip.ChipGroup: void setDividerDrawableVertical(android.graphics.drawable.Drawable)
com.google.android.material.R$style: int Widget_MaterialComponents_TextInputEditText_OutlinedBox_Dense
androidx.transition.ChangeImageTransform
com.google.android.material.R$drawable: int notification_bg_low_pressed
androidx.appcompat.R$attr: int actionModeStyle
com.youth.banner.R$drawable: int notification_template_icon_low_bg
com.google.android.material.R$style: int Platform_AppCompat