app/proguard/mapping.txt
# compiler: R8
# compiler_version: 2.0.74
# min_api: 26
# pg_map_id: 069e339
# common_typos_disable
com.chen.smartcitydemo.App -> com.chen.smartcitydemo.App:
    1:1:void <init>():7:7 -> <init>
    1:2:void onCreate():11:12 -> onCreate
com.chen.smartcitydemo.base.-$$Lambda$BaseActivity$EYLA9Yc8M-Jwnvm7ypxxTCOcBrs -> c.b.a.a.a:
    com.chen.smartcitydemo.base.BaseActivity f$0 -> b
com.chen.smartcitydemo.base.-$$Lambda$BaseActivity$R9m9jmsuwPclvCFq2TDPe9jV-jI -> c.b.a.a.b:
    java.lang.String f$1 -> c
    com.chen.smartcitydemo.base.BaseActivity f$0 -> b
com.chen.smartcitydemo.base.-$$Lambda$BaseFragment$RndhcAAfm2LGmk-6_IvYQQhZr8Q -> c.b.a.a.c:
    com.chen.smartcitydemo.base.BaseFragment f$0 -> b
    java.lang.String f$1 -> c
com.chen.smartcitydemo.base.BaseActivity -> com.chen.smartcitydemo.base.BaseActivity:
    android.view.View mErrorView -> x
    android.widget.FrameLayout mBaseContainer -> y
    androidx.appcompat.widget.Toolbar toolbar -> A
    android.view.View mLoadingView -> u
    android.view.View mRootView -> t
    com.chen.smartcitydemo.base.BaseActivity$State mCurrentState -> z
    android.view.View mEmptyView -> w
    android.view.View mSuccessView -> v
    1:1:void <init>():15:15 -> <init>
    2:2:void <init>():43:43 -> <init>
    int getLayoutResId() -> e0
    1:1:android.view.View getView(int):106:106 -> f0
    void initData(android.os.Bundle) -> g0
    1:2:void initListener():140:141 -> h0
    void initPresenter() -> i0
    1:2:void initStateView():67:68 -> j0
    3:4:void initStateView():71:72 -> j0
    5:6:void initStateView():75:76 -> j0
    7:8:void initStateView():79:80 -> j0
    9:9:void initStateView():82:82 -> j0
    1:1:void initView():128:128 -> k0
    void initWindow() -> l0
    1:1:void lambda$initListener$0(android.view.View):141:141 -> m0
    1:1:void lambda$toast$1(java.lang.String):150:150 -> n0
    1:1:android.view.View loadEmptyView():94:94 -> o0
    1:6:void onCreate(android.os.Bundle):49:54 -> onCreate
    7:10:void onCreate(android.os.Bundle):56:59 -> onCreate
    1:3:void onDestroy():155:157 -> onDestroy
    1:1:android.view.View loadErrorView():98:98 -> p0
    1:1:android.view.View loadRootView():102:102 -> q0
com.chen.smartcitydemo.base.BaseActivity$State -> com.chen.smartcitydemo.base.BaseActivity$a:
    com.chen.smartcitydemo.base.BaseActivity$State[] $VALUES -> b
    1:5:void <clinit>():18:22 -> <clinit>
    6:6:void <clinit>():17:17 -> <clinit>
    1:1:void <init>(java.lang.String,int):17:17 -> <init>
    1:1:com.chen.smartcitydemo.base.BaseActivity$State valueOf(java.lang.String):17:17 -> valueOf
    1:1:com.chen.smartcitydemo.base.BaseActivity$State[] values():17:17 -> values
...
com.google.android.material.transformation.FabTransformationBehavior$4 -> com.google.android.material.transformation.FabTransformationBehavior$d:
    com.google.android.material.circularreveal.CircularRevealWidget val$circularRevealChild -> a
    1:1:void <init>(com.google.android.material.transformation.FabTransformationBehavior,com.google.android.material.circularreveal.CircularRevealWidget):362:362 -> <init>
    1:3:void onAnimationEnd(android.animation.Animator):367:369 -> onAnimationEnd
com.google.android.material.transformation.FabTransformationBehavior$FabTransformationSpec -> com.google.android.material.transformation.FabTransformationBehavior$e:
    com.google.android.material.animation.MotionSpec timings -> a
    com.google.android.material.animation.Positioning positioning -> b
    1:1:void <init>():709:709 -> <init>
com.google.android.material.transformation.FabTransformationScrimBehavior -> com.google.android.material.transformation.FabTransformationScrimBehavior:
    com.google.android.material.animation.MotionTiming expandTiming -> c
    com.google.android.material.animation.MotionTiming collapseTiming -> d
    1:1:void <init>():51:51 -> <init>
    2:3:void <init>():48:49 -> <init>
    4:4:void <init>(android.content.Context,android.util.AttributeSet):54:54 -> <init>
    5:6:void <init>(android.content.Context,android.util.AttributeSet):48:49 -> <init>
    1:1:boolean onTouchEvent(androidx.coordinatorlayout.widget.CoordinatorLayout,android.view.View,android.view.MotionEvent):65:65 -> C
    1:2:android.animation.AnimatorSet onCreateExpandedStateChangeAnimation(android.view.View,android.view.View,boolean,boolean):72:73 -> I
    3:3:android.animation.AnimatorSet onCreateExpandedStateChangeAnimation(android.view.View,android.view.View,boolean,boolean):75:75 -> I
    4:6:android.animation.AnimatorSet onCreateExpandedStateChangeAnimation(android.view.View,android.view.View,boolean,boolean):77:79 -> I
    1:1:void createScrimAnimation(android.view.View,boolean,boolean,java.util.List,java.util.List):104:104 -> J
    2:2:void createScrimAnimation(android.view.View,boolean,boolean,java.util.List,java.util.List):109:109 -> J
    3:3:void createScrimAnimation(android.view.View,boolean,boolean,java.util.List,java.util.List):111:111 -> J
com.google.android.material.transformation.FabTransformationScrimBehavior$1 -> com.google.android.material.transformation.FabTransformationScrimBehavior$a:
    android.view.View val$child -> b
    boolean val$expanded -> a
    1:1:void <init>(com.google.android.material.transformation.FabTransformationScrimBehavior,boolean,android.view.View):80:80 -> <init>
    1:2:void onAnimationEnd(android.animation.Animator):90:91 -> onAnimationEnd
    1:2:void onAnimationStart(android.animation.Animator):83:84 -> onAnimationStart