app/proguard/unused.txt
com.chen.smartcitydemo.R$drawable
com.chen.smartcitydemo.model.bean.NewsCategory$DataBean:
    public java.lang.Object getSearchValue()
    public void setSearchValue(java.lang.Object)
    public java.lang.Object getCreateBy()
    public void setCreateBy(java.lang.Object)
    public java.lang.Object getCreateTime()
    public void setCreateTime(java.lang.Object)
    public java.lang.Object getUpdateBy()
    public void setUpdateBy(java.lang.Object)
    public java.lang.Object getUpdateTime()
    public void setUpdateTime(java.lang.Object)
    public java.lang.Object getRemark()
    public void setRemark(java.lang.Object)
    public com.chen.smartcitydemo.model.bean.NewsCategory$DataBean$ParamsBean getParams()
    public void setParams(com.chen.smartcitydemo.model.bean.NewsCategory$DataBean$ParamsBean)
    public void setId(int)
    public java.lang.String getAppType()
    public void setAppType(java.lang.String)
    public void setName(java.lang.String)
    public int getSort()
    public void setSort(int)
    public java.lang.String getStatus()
    public void setStatus(java.lang.String)
    public java.lang.Object getParentId()
    public void setParentId(java.lang.Object)
com.chen.smartcitydemo.model.bean.NewsInfo$DataBean:
    public void <init>()
    public java.lang.Object getSearchValue()
    public void setSearchValue(java.lang.Object)
    public java.lang.String getCreateBy()
    public void setCreateBy(java.lang.String)
    public java.lang.String getCreateTime()
    public void setCreateTime(java.lang.String)
    public java.lang.String getUpdateBy()
    public void setUpdateBy(java.lang.String)
    public java.lang.String getUpdateTime()
    public void setUpdateTime(java.lang.String)
    public java.lang.Object getRemark()
    public void setRemark(java.lang.Object)
    public com.chen.smartcitydemo.model.bean.NewsInfo$DataBean$ParamsBean getParams()
    public void setParams(com.chen.smartcitydemo.model.bean.NewsInfo$DataBean$ParamsBean)
    public int getId()
    public void setId(int)
    public java.lang.String getAppType()
    public void setAppType(java.lang.String)
    public void setCover(java.lang.String)
    public void setTitle(java.lang.String)
    public java.lang.String getSubTitle()
    public void setSubTitle(java.lang.String)
    public void setContent(java.lang.String)
    public java.lang.String getStatus()
    public void setStatus(java.lang.String)
    public java.lang.String getPublishDate()
    public void setPublishDate(java.lang.String)
    public java.lang.Object getTags()
    public void setTags(java.lang.Object)
    public int getCommentNum()
    public void setCommentNum(int)
    public int getLikeNum()
com.chen.smartcitydemo.util.LogUtils:
    public void <init>()
    public static void i(java.lang.Object,java.lang.String)
    public static void w(java.lang.Object,java.lang.String)
    public static void e(java.lang.Object,java.lang.String)
    private static final int INFO_LEV
    private static final int WARNING_LEV
    private static final int DEBUG_LEV
    private static final int ERROR_LEV
com.chen.smartcitydemo.model.bean.Service$RowsBean$ParamsBean:
    public void <init>()
...
androidx.drawerlayout.R$integer
com.bumptech.glide.gifdecoder.R
androidx.core.content.SharedPreferencesCompat
androidx.appcompat.widget.LinearLayoutCompat$OrientationMode
com.google.android.material.bottomsheet.BottomSheetDialogFragment
com.bumptech.glide.request.transition.BitmapTransitionFactory
androidx.core.hardware.fingerprint.FingerprintManagerCompat
androidx.lifecycle.livedata.R
androidx.appcompat.widget.ActionMenuPresenter:
    public void setWidthLimit(int,boolean)
    public void setItemLimit(int)
    public boolean isOverflowReserved()
    private static final java.lang.String TAG
androidx.constraintlayout.solver.Metrics:
    public void <init>()
    public java.lang.String toString()
    public void reset()
    public long variables
    public long oldresolvedWidgets
    public java.util.ArrayList problematicLayouts
com.bumptech.glide.provider.ResourceDecoderRegistry:
    public synchronized void prepend(java.lang.String,com.bumptech.glide.load.ResourceDecoder,java.lang.Class,java.lang.Class)
okio.Pipe$PipeSource
androidx.fragment.app.BackStackRecord:
    public int getId()
    public int getBreadCrumbTitleRes()
    public int getBreadCrumbShortTitleRes()
    public java.lang.CharSequence getBreadCrumbTitle()
    public java.lang.CharSequence getBreadCrumbShortTitle()
    public androidx.fragment.app.FragmentTransaction hide(androidx.fragment.app.Fragment)
    public androidx.fragment.app.FragmentTransaction show(androidx.fragment.app.Fragment)
    public androidx.fragment.app.FragmentTransaction setPrimaryNavigationFragment(androidx.fragment.app.Fragment)
    public void commitNowAllowingStateLoss()
    static final java.lang.String TAG
com.bumptech.glide.util.pool.StateVerifier:
    private static final boolean DEBUG
com.bumptech.glide.load.model.stream.MediaStoreVideoThumbLoader$Factory:
    public void teardown()
androidx.recyclerview.widget.RecyclerView$ItemAnimator$ItemHolderInfo:
    public int changeFlags
androidx.legacy.coreutils.R$color
androidx.versionedparcelable.VersionedParcel$ParcelException
com.google.android.material.R$id:
    private void <init>()
com.bumptech.glide.load.engine.cache.DiskCacheWriteLocker$WriteLockPool:
    private static final int MAX_POOL_SIZE
okio.DeflaterSink
androidx.appcompat.app.ActionBar$NavigationMode
androidx.appcompat.widget.AbsActionBarView$1
androidx.appcompat.view.menu.MenuPopupHelper:
    public void <init>(android.content.Context,androidx.appcompat.view.menu.MenuBuilder)
    public void <init>(android.content.Context,androidx.appcompat.view.menu.MenuBuilder,android.view.View)
    public int getGravity()
    public void show(int,int)
    public android.widget.ListView getListView()
    private static final int TOUCH_EPICENTER_SIZE_DP
okhttp3.Headers$Builder:
    public okhttp3.Headers$Builder add(java.lang.String)
    public okhttp3.Headers$Builder addUnsafeNonAscii(java.lang.String,java.lang.String)
    public okhttp3.Headers$Builder add(java.lang.String,java.util.Date)
    public okhttp3.Headers$Builder set(java.lang.String,java.util.Date)
    public java.lang.String get(java.lang.String)
com.bumptech.glide.request.transition.ViewPropertyTransition$Animator
com.google.android.material.internal.ViewUtils:
    public void <init>()
androidx.appcompat.widget.TooltipCompat:
    private void <init>()
androidx.core.app.SharedElementCallback$OnSharedElementsReadyListener
androidx.core.view.MenuCompat
com.bumptech.glide.ListPreloader$PreloadSizeProvider
androidx.appcompat.widget.ResourceManagerInternal:
    private void removeDelegate(java.lang.String,androidx.appcompat.widget.ResourceManagerInternal$InflateDelegate)
    private static boolean arrayContains(int[],int)
    private static final java.lang.String TAG
    private static final boolean DEBUG
    private static final java.lang.String SKIP_DRAWABLE_TAG
    private static final java.lang.String PLATFORM_VD_CLAZZ
androidx.recyclerview.widget.ViewBoundsCheck$ViewBounds
androidx.lifecycle.Transformations